<?xml version="1.0" encoding="UTF-8"?>
<!-- Generated by org.testng.reporters.JUnitReportReporter -->
<testsuite skipped="0" hostname="Mds-MBP-2" name="calculator_app_test.CalculatorAppTest" tests="2" failures="0" timestamp="21 Apr 2020 00:50:13 GMT" time="0.010" errors="0">
  <testcase name="addTest" time="0.010" classname="calculator_app_test.CalculatorAppTest"/>
  <testcase name="multiplyTest" time="0.000" classname="calculator_app_test.CalculatorAppTest"/>
</testsuite> <!-- calculator_app_test.CalculatorAppTest -->
